{"C:\\Users\\vinic\\Desktop\\PDI\\my-app\\src\\components\\WeatherCard\\WeatherCard.tsx": {"path":"C:\\Users\\vinic\\Desktop\\PDI\\my-app\\src\\components\\WeatherCard\\WeatherCard.tsx","statementMap":{"0":{"start":{"line":12,"column":48},"end":{"line":21,"column":1}},"1":{"start":{"line":13,"column":2},"end":{"line":20,"column":4}},"2":{"start":{"line":23,"column":0},"end":{"line":23,"column":27}}},"fnMap":{"0":{"name":"(anonymous_0)","decl":{"start":{"line":12,"column":48},"end":{"line":12,"column":49}},"loc":{"start":{"line":12,"column":93},"end":{"line":21,"column":1}}}},"branchMap":{},"s":{"0":2,"1":2,"2":2},"f":{"0":2},"b":{}}
,"C:\\Users\\vinic\\Desktop\\PDI\\my-app\\src\\components\\WeatherPage\\WeatherPage.tsx": {"path":"C:\\Users\\vinic\\Desktop\\PDI\\my-app\\src\\components\\WeatherPage\\WeatherPage.tsx","statementMap":{"0":{"start":{"line":1,"column":0},"end":{"line":1,"column":51}},"1":{"start":{"line":2,"column":0},"end":{"line":2,"column":26}},"2":{"start":{"line":3,"column":0},"end":{"line":3,"column":53}},"3":{"start":{"line":4,"column":0},"end":{"line":4,"column":27}},"4":{"start":{"line":20,"column":30},"end":{"line":53,"column":1}},"5":{"start":{"line":21,"column":40},"end":{"line":21,"column":63}},"6":{"start":{"line":23,"column":2},"end":{"line":38,"column":9}},"7":{"start":{"line":24,"column":29},"end":{"line":35,"column":5}},"8":{"start":{"line":25,"column":23},"end":{"line":32,"column":8}},"9":{"start":{"line":34,"column":6},"end":{"line":34,"column":36}},"10":{"start":{"line":37,"column":4},"end":{"line":37,"column":23}},"11":{"start":{"line":41,"column":2},"end":{"line":52,"column":4}},"12":{"start":{"line":55,"column":0},"end":{"line":55,"column":27}}},"fnMap":{"0":{"name":"(anonymous_1)","decl":{"start":{"line":20,"column":30},"end":{"line":20,"column":33}},"loc":{"start":{"line":20,"column":35},"end":{"line":53,"column":1}}},"1":{"name":"(anonymous_2)","decl":{"start":{"line":23,"column":12},"end":{"line":23,"column":15}},"loc":{"start":{"line":23,"column":17},"end":{"line":38,"column":3}}},"2":{"name":"(anonymous_3)","decl":{"start":{"line":24,"column":29},"end":{"line":24,"column":34}},"loc":{"start":{"line":24,"column":40},"end":{"line":35,"column":5}}}},"branchMap":{"0":{"loc":{"start":{"line":43,"column":7},"end":{"line":50,"column":31}},"type":"binary-expr","locations":[{"start":{"line":43,"column":7},"end":{"line":43,"column":18}},{"start":{"line":44,"column":8},"end":{"line":48,"column":null}},{"start":{"line":50,"column":11},"end":{"line":50,"column":31}}]}},"s":{"0":1,"1":1,"2":1,"3":1,"4":1,"5":2,"6":2,"7":1,"8":1,"9":1,"10":1,"11":2,"12":1},"f":{"0":2,"1":1,"2":1},"b":{"0":[2,1,1]}}
}
