TN:
SF:src\components\WeatherCard\WeatherCard.tsx
FN:12,(anonymous_0)
FNF:1
FNH:1
FNDA:2,(anonymous_0)
DA:12,2
DA:13,2
DA:23,2
LF:3
LH:3
BRF:0
BRH:0
end_of_record
TN:
SF:src\components\WeatherPage\WeatherPage.tsx
FN:20,(anonymous_1)
FN:23,(anonymous_2)
FN:24,(anonymous_3)
FNF:3
FNH:3
FNDA:2,(anonymous_1)
FNDA:1,(anonymous_2)
FNDA:1,(anonymous_3)
DA:1,1
DA:2,1
DA:3,1
DA:4,1
DA:20,1
DA:21,2
DA:23,2
DA:24,1
DA:25,1
DA:34,1
DA:37,1
DA:41,2
DA:55,1
LF:13
LH:13
BRDA:43,0,0,2
BRDA:43,0,1,1
BRDA:43,0,2,1
BRF:3
BRH:3
end_of_record
